<?xml version="1.0" encoding="UTF-8"?>
<!-- Generated by org.testng.reporters.JUnitXMLReporter -->
<testsuite ignored="0" hostname="LAPTOP-K58RH41K" failures="2" tests="3" name="Test" time="69.538" errors="0" timestamp="2024-01-07T17:59:29 ICT">
  <testcase classname="com.allianzAuto.testCases.LoginTestDrivenData" name="verivyLogin" time="4.925">
    <failure type="org.openqa.selenium.ElementClickInterceptedException" message="element click intercepted: Element &amp;lt;div class=&amp;quot;...uiAvatar-root MuiAvatar-circular MuiAvatar-colorDefault mui-style-1qbxikx&amp;quot;&amp;gt;M&amp;lt;/div&amp;gt; is not clickable at point (1318, 20). Other element would receive the click: &amp;lt;div class=&amp;quot;SnackbarContent-root SnackbarItem-contentRoot SnackbarItem-variantSuccess SnackbarItem-lessPadding mui-style-hped4j&amp;quot; aria-describedby=&amp;quot;notistack-snackbar&amp;quot; role=&amp;quot;alert&amp;quot; style=&amp;quot;transform: none; transition: transform 225ms cubic-bezier(0, 0, 0.2, 1) 0ms;&amp;quot;&amp;gt;...&amp;lt;/div&amp;gt;
  (Session info: chrome=120.0.6099.200)
Build info: version: &amp;apos;4.16.0&amp;apos;, revision: &amp;apos;15400459dd*&amp;apos;
System info: os.name: &amp;apos;Windows 11&amp;apos;, os.arch: &amp;apos;amd64&amp;apos;, os.version: &amp;apos;10.0&amp;apos;, java.version: &amp;apos;21.0.1&amp;apos;
Driver info: org.openqa.selenium.chrome.ChromeDriver
Command: [09a0244394d118ad385af02a16d04c7b, clickElement {id=119042C51116723A7A3A20D45872A0CC_element_62}]
Capabilities {acceptInsecureCerts: false, browserName: chrome, browserVersion: 120.0.6099.200, chrome: {chromedriverVersion: 120.0.6099.109 (3419140ab66..., userDataDir: C:\Users\USER\AppData\Local...}, fedcm:accounts: true, goog:chromeOptions: {debuggerAddress: localhost:56092}, networkConnectionEnabled: false, pageLoadStrategy: normal, platformName: windows, proxy: Proxy(), se:cdp: ws://localhost:56092/devtoo..., se:cdpVersion: 120.0.6099.200, setWindowRect: true, strictFileInteractability: false, timeouts: {implicit: 0, pageLoad: 300000, script: 30000}, unhandledPromptBehavior: dismiss and notify, webauthn:extension:credBlob: true, webauthn:extension:largeBlob: true, webauthn:extension:minPinLength: true, webauthn:extension:prf: true, webauthn:virtualAuthenticators: true}
Element: [[ChromeDriver: chrome on windows (09a0244394d118ad385af02a16d04c7b)] -&amp;gt; xpath: /html/body/div/div/div[1]/div/div/header/div/div/div[3]/button/div]
Session ID: 09a0244394d118ad385af02a16d04c7b">
      <![CDATA[org.openqa.selenium.ElementClickInterceptedException: element click intercepted: Element <div class="...uiAvatar-root MuiAvatar-circular MuiAvatar-colorDefault mui-style-1qbxikx">M</div> is not clickable at point (1318, 20). Other element would receive the click: <div class="SnackbarContent-root SnackbarItem-contentRoot SnackbarItem-variantSuccess SnackbarItem-lessPadding mui-style-hped4j" aria-describedby="notistack-snackbar" role="alert" style="transform: none; transition: transform 225ms cubic-bezier(0, 0, 0.2, 1) 0ms;">...</div>
  (Session info: chrome=120.0.6099.200)
Build info: version: '4.16.0', revision: '15400459dd*'
System info: os.name: 'Windows 11', os.arch: 'amd64', os.version: '10.0', java.version: '21.0.1'
Driver info: org.openqa.selenium.chrome.ChromeDriver
Command: [09a0244394d118ad385af02a16d04c7b, clickElement {id=119042C51116723A7A3A20D45872A0CC_element_62}]
Capabilities {acceptInsecureCerts: false, browserName: chrome, browserVersion: 120.0.6099.200, chrome: {chromedriverVersion: 120.0.6099.109 (3419140ab66..., userDataDir: C:\Users\USER\AppData\Local...}, fedcm:accounts: true, goog:chromeOptions: {debuggerAddress: localhost:56092}, networkConnectionEnabled: false, pageLoadStrategy: normal, platformName: windows, proxy: Proxy(), se:cdp: ws://localhost:56092/devtoo..., se:cdpVersion: 120.0.6099.200, setWindowRect: true, strictFileInteractability: false, timeouts: {implicit: 0, pageLoad: 300000, script: 30000}, unhandledPromptBehavior: dismiss and notify, webauthn:extension:credBlob: true, webauthn:extension:largeBlob: true, webauthn:extension:minPinLength: true, webauthn:extension:prf: true, webauthn:virtualAuthenticators: true}
Element: [[ChromeDriver: chrome on windows (09a0244394d118ad385af02a16d04c7b)] -> xpath: /html/body/div/div/div[1]/div/div/header/div/div/div[3]/button/div]
Session ID: 09a0244394d118ad385af02a16d04c7b
at org.openqa.selenium.remote.codec.w3c.W3CHttpResponseCodec.createException(W3CHttpResponseCodec.java:200)
at org.openqa.selenium.remote.codec.w3c.W3CHttpResponseCodec.decode(W3CHttpResponseCodec.java:133)
at org.openqa.selenium.remote.codec.w3c.W3CHttpResponseCodec.decode(W3CHttpResponseCodec.java:52)
at org.openqa.selenium.remote.HttpCommandExecutor.execute(HttpCommandExecutor.java:191)
at org.openqa.selenium.remote.service.DriverCommandExecutor.invokeExecute(DriverCommandExecutor.java:200)
at org.openqa.selenium.remote.service.DriverCommandExecutor.execute(DriverCommandExecutor.java:175)
at org.openqa.selenium.remote.RemoteWebDriver.execute(RemoteWebDriver.java:523)
at org.openqa.selenium.remote.RemoteWebElement.execute(RemoteWebElement.java:224)
at org.openqa.selenium.remote.RemoteWebElement.click(RemoteWebElement.java:77)
at org.openqa.selenium.support.pagefactory.internal.LocatingElementHandler.invoke(LocatingElementHandler.java:51)
at jdk.proxy2/jdk.proxy2.$Proxy14.click(Unknown Source)
at com.allianzAuto.pages.LoginPage.logout(LoginPage.java:48)
at com.allianzAuto.testCases.LoginTestDrivenData.verivyLogin(LoginTestDrivenData.java:28)
at java.base/java.util.ArrayList.forEach(ArrayList.java:1596)
... Removed 30 stack frames]]>
    </failure>
  </testcase> <!-- verivyLogin -->
  <testcase classname="com.allianzAuto.testCases.LoginTestDrivenData" name="verivyLogin" time="48.14">
    <failure type="java.lang.AssertionError" message="expected [true] but found [false]">
      <![CDATA[java.lang.AssertionError: expected [true] but found [false]
at com.allianzAuto.testCases.LoginTestDrivenData.verivyLogin(LoginTestDrivenData.java:33)
at java.base/java.util.ArrayList.forEach(ArrayList.java:1596)
... Removed 29 stack frames]]>
    </failure>
  </testcase> <!-- verivyLogin -->
  <testcase classname="com.allianzAuto.testCases.SearchTestCase" name="searchCourseTest" time="5.911"/>
</testsuite> <!-- Test -->
